<?xml version="1.0" encoding="UTF-8"?>
<!-- Generated by org.testng.reporters.JUnitReportReporter -->
<testsuite skipped="0" hostname="LAPTOP-TGNE76PS" name="au.com.bunnings.test.regression.testngrunrpog" tests="1" failures="0" timestamp="08 Apr 2020 12:56:43 GMT" time="0.008" errors="0">
  <testcase name="test1" time="0.008" classname="au.com.bunnings.test.regression.testngrunrpog"/>
</testsuite> <!-- au.com.bunnings.test.regression.testngrunrpog -->
