<?xml version="1.0" encoding="UTF-8"?>
<!-- Generated by org.testng.reporters.JUnitReportReporter -->
<testsuite skipped="0" hostname="LAPTOP-TGNE76PS" name="au.com.bunnings.test.regression.TestWishList" tests="1" failures="0" timestamp="10 Apr 2020 03:11:08 GMT" time="26.273" errors="0">
  <testcase name="testWishListTC01" time="26.273" classname="au.com.bunnings.test.regression.TestWishList"/>
</testsuite> <!-- au.com.bunnings.test.regression.TestWishList -->
